<?xml version="1.0" encoding="UTF-8" ?>
<testsuite errors="21" failures="0" hostname="ABSI-Charlottew" name="aka.jmetadataquery.test.JMetadataQuery_Test" skipped="0" tests="21" time="0.484" timestamp="2017-07-24T05:45:03">
  <properties>
    <property name="java.vendor" value="Oracle Corporation" />
    <property name="src.test.dir" value="C:\Projects\Own\JMetadataQuery\Test\javasource" />
    <property name="result.exec.file" value="C:\Projects\Own\JMetadataQuery\reports\jacoco\jacoco.exec" />
    <property name="sun.java.launcher" value="SUN_STANDARD" />
    <property name="sonar.projectName" value="JMetaDataQuery" />
    <property name="sonar.links.scm" value="https://github.com/welle/JMetaDataQuery" />
    <property name="sonar.java.binaries" value="reports/classes" />
    <property name="sun.management.compiler" value="HotSpot 64-Bit Tiered Compilers" />
    <property name="ant.file.type.Ant Build with JaCoCo" value="file" />
    <property name="javadoc_dest" value="C:/Projects/Own/JMetadataQuery/javadoc" />
    <property name="os.name" value="Windows 10" />
    <property name="sun.boot.class.path" value="C:\Program Files\Java\jdk1.8.0_121\jre\lib\resources.jar;C:\Program Files\Java\jdk1.8.0_121\jre\lib\rt.jar;C:\Program Files\Java\jdk1.8.0_121\jre\lib\sunrsasign.jar;C:\Program Files\Java\jdk1.8.0_121\jre\lib\jsse.jar;C:\Program Files\Java\jdk1.8.0_121\jre\lib\jce.jar;C:\Program Files\Java\jdk1.8.0_121\jre\lib\charsets.jar;C:\Program Files\Java\jdk1.8.0_121\jre\lib\jfr.jar;C:\Program Files\Java\jdk1.8.0_121\jre\classes" />
    <property name="ant.file.JMetadataQuery" value="C:\Projects\Own\JMetadataQuery\build.xml" />
    <property name="sun.desktop" value="windows" />
    <property name="java.vm.specification.vendor" value="Oracle Corporation" />
    <property name="ant.home" value="C:\eclipse\eclipse-oxygen\plugins\org.apache.ant_1.10.1.v20170504-0840" />
    <property name="sonar.projectVersion" value="0.3" />
    <property name="sonar.links.issue" value="https://github.com/welle/JMetaDataQuery/issues" />
    <property name="java.runtime.version" value="1.8.0_121-b13" />
    <property name="ant.file.type.JMetadataQuery" value="file" />
    <property name="user.name" value="charlottew" />
    <property name="sonar.jacoco.reportPaths" value="reports/jacoco/jacoco.exec" />
    <property name="build.properties.present" value="true" />
    <property name="user.language" value="en" />
    <property name="sun.boot.library.path" value="C:\Program Files\Java\jdk1.8.0_121\jre\bin" />
    <property name="ant.project.default-target" value="jars" />
    <property name="ant.project.name" value="JMetadataQuery" />
    <property name="java.version" value="1.8.0_121" />
    <property name="classes" value="JMetadataQuery/classes" />
    <property name="version" value="1.3" />
    <property name="user.timezone" value="" />
    <property name="sun.arch.data.model" value="64" />
    <property name="sonar.host.url" value="https://sonarcloud.io" />
    <property name="java.endorsed.dirs" value="C:\Program Files\Java\jdk1.8.0_121\jre\lib\endorsed" />
    <property name="sonar.java.test.libraries" value="libs/*.jar,libTest/**/*.jar" />
    <property name="sun.cpu.isalist" value="amd64" />
    <property name="sun.jnu.encoding" value="Cp1252" />
    <property name="file.encoding.pkg" value="sun.io" />
    <property name="file.separator" value="\" />
    <property name="java.specification.name" value="Java Platform API Specification" />
    <property name="sonar.sources" value="JMetadataQuery/javasource" />
    <property name="java.class.version" value="52.0" />
    <property name="user.country" value="US" />
    <property name="java.home" value="C:\Program Files\Java\jdk1.8.0_121\jre" />
    <property name="java.vm.info" value="mixed mode" />
    <property name="ant.file" value="C:\Projects\Own\JMetadataQuery\build.xml" />
    <property name="os.version" value="10.0" />
    <property name="result.report.dir" value="C:\Projects\Own\JMetadataQuery\reports\site\jacoco" />
    <property name="ant.file.type.Sonar" value="file" />
    <property name="path.separator" value=";" />
    <property name="java.vm.version" value="25.121-b13" />
    <property name="user.variant" value="" />
    <property name="ant.library.dir" value="C:\eclipse\eclipse-oxygen\plugins\org.apache.ant_1.10.1.v20170504-0840\lib" />
    <property name="ant.file.Sonar" value="C:\Projects\Own\JMetadataQuery\buildSonar.xml" />
    <property name="result.classes.dir" value="C:\Projects\Own\JMetadataQuery\reports\classes" />
    <property name="java.awt.printerjob" value="sun.awt.windows.WPrinterJob" />
    <property name="sun.io.unicode.encoding" value="UnicodeLittle" />
    <property name="awt.toolkit" value="sun.awt.windows.WToolkit" />
    <property name="_jacoco.agentFile" value="C:\Users\CHARLO~1\AppData\Local\Temp\jacocoagent278361807123103030.jar" />
    <property name="sonar.tests" value="Test/javasource" />
    <property name="user.script" value="" />
    <property name="sonar.java.test.binaries" value="reports/classes" />
    <property name="user.home" value="C:\Users\charlottew" />
    <property name="sonar.language" value="java" />
    <property name="java.specification.vendor" value="Oracle Corporation" />
    <property name="java.library.path" value="C:\Program Files\Java\jdk1.8.0_121\jre\bin;C:\Windows\Sun\Java\bin;C:\Windows\system32;C:\Windows;C:/Program Files/Java/jre1.8.0_131/bin/server;C:/Program Files/Java/jre1.8.0_131/bin;C:/Program Files/Java/jre1.8.0_131/lib/amd64;C:\ProgramData\Oracle\Java\javapath;C:\Program Files (x86)\Intel\iCLS Client\;C:\Program Files\Intel\iCLS Client\;C:\Windows\system32;C:\Windows;C:\Windows\System32\Wbem;C:\Windows\System32\WindowsPowerShell\v1.0\;C:\Program Files (x86)\Intel\Intel(R) Management Engine Components\DAL;C:\Program Files\Intel\Intel(R) Management Engine Components\DAL;C:\Program Files (x86)\Intel\Intel(R) Management Engine Components\IPT;C:\Program Files\Intel\Intel(R) Management Engine Components\IPT;C:\Program Files\Intel\WiFi\bin\;C:\Program Files\Common Files\Intel\WirelessCommon\;C:\Program Files\OpenVPN\bin;C:\Program Files (x86)\PuTTY\;C:\Program Files (x86)\Skype\Phone\;C:\Program Files (x86)\GitExtensions\;C:\Program Files\ant\bin;C:\Program Files\Git\cmd;C:\Program Files (x86)\Python\Python36-32\Scripts\;C:\Program Files (x86)\Python\Python36-32\;C:\Users\charlottew\AppData\Local\Microsoft\WindowsApps;C:\Program Files\sfdx\bin;C:\eclipse\eclipse-oxygen;;." />
    <property name="java.vendor.url" value="http://java.oracle.com/" />
    <property name="sonar.links.ci" value="https://travis-ci.org/welle/JMetaDataQuery" />
    <property name="java.vm.vendor" value="Oracle Corporation" />
    <property name="java.runtime.name" value="Java(TM) SE Runtime Environment" />
    <property name="java.class.path" value="C:\Projects\Own\JMetadataQuery\reports\classes;C:\Projects\Own\JMetadataQuery\Test\videosamples;C:\Projects\Own\JMetadataQuery\libs\JMetadata-1.2.jar;C:\Projects\Own\JMetadataQuery\libs\common-util-1.1.1.jar;C:\Projects\Own\JMetadataQuery\libs\commons-io-2.4.jar;C:\Projects\Own\JMetadataQuery\libs\org.eclipse.jdt.annotation_2.0.0.v20140415-1436.jar;C:\Projects\Own\JMetadataQuery\libs\sqlbuilder-2.1.7.jar;C:\Projects\Own\JMetadataQuery\build\JMetadataQuery-1.3.jar;C:\Projects\Own\JMetadataQuery\libTest\hamcrest-core-1.3.jar;C:\Projects\Own\JMetadataQuery\libTest\junit-4.11.jar;C:\Projects\Own\JMetadataQuery\libTest\org.jacoco.ant-0.7.9-nodeps.jar;C:\Projects\Own\JMetadataQuery\libTest\sonarqube-ant-task-2.4.jar;C:\eclipse\eclipse-oxygen\plugins\org.apache.ant_1.10.1.v20170504-0840\lib\ant-launcher.jar;C:\eclipse\eclipse-oxygen\plugins\org.apache.ant_1.10.1.v20170504-0840\lib\ant.jar;C:\eclipse\eclipse-oxygen\plugins\org.apache.ant_1.10.1.v20170504-0840\lib\ant-junit.jar;C:\eclipse\eclipse-oxygen\plugins\org.apache.ant_1.10.1.v20170504-0840\lib\ant-junit4.jar;C:\Users\CHARLO~1\AppData\Local\Temp\jacocoagent278361807123103030.jar" />
    <property name="ant.version" value="Apache Ant(TM) version 1.10.1 compiled on February 2 2017" />
    <property name="sun.java.command" value="org.apache.tools.ant.taskdefs.optional.junit.JUnitTestRunner aka.jmetadataquery.test.JMetadataQuery_Test skipNonTests=false filtertrace=true haltOnError=false haltOnFailure=false formatter=org.apache.tools.ant.taskdefs.optional.junit.SummaryJUnitResultFormatter showoutput=true outputtoformatters=true logfailedtests=true threadid=0 logtestlistenerevents=false formatter=org.apache.tools.ant.taskdefs.optional.junit.XMLJUnitResultFormatter,C:\Projects\Own\JMetadataQuery\reports\junit\TEST-aka.jmetadataquery.test.JMetadataQuery_Test.xml crashfile=C:\Projects\Own\JMetadataQuery\junitvmwatcher1572330054261675643.properties propsfile=C:\Projects\Own\JMetadataQuery\junit5075094063412743495.properties" />
    <property name="ant.file.JMetadataQuery Classpath" value="C:\Projects\Own\JMetadataQuery\classpath.xml" />
    <property name="java.vm.specification.name" value="Java Virtual Machine Specification" />
    <property name="java.vm.specification.version" value="1.8" />
    <property name="sonar.sourceEncoding" value="UTF-8" />
    <property name="sun.os.patch.level" value="" />
    <property name="sun.cpu.endian" value="little" />
    <property name="debuglevel" value="source,lines,vars" />
    <property name="java.io.tmpdir" value="C:\Users\CHARLO~1\AppData\Local\Temp\" />
    <property name="java.vendor.url.bug" value="http://bugreport.sun.com/bugreport/" />
    <property name="ant.file.Ant Build with JaCoCo" value="C:\Projects\Own\JMetadataQuery\buildJaCoCo.xml" />
    <property name="result.test-classes.dir" value="C:\Projects\Own\JMetadataQuery\reports\classes" />
    <property name="ant.file.type.JMetadataQuery Classpath" value="file" />
    <property name="jars_dest" value="C:/Projects/Own/JMetadataQuery/" />
    <property name="os.arch" value="amd64" />
    <property name="java.awt.graphicsenv" value="sun.awt.Win32GraphicsEnvironment" />
    <property name="java.ext.dirs" value="C:\Program Files\Java\jdk1.8.0_121\jre\lib\ext;C:\Windows\Sun\Java\lib\ext" />
    <property name="user.dir" value="C:\Projects\Own\JMetadataQuery" />
    <property name="sonar.java.coveragePlugin" value="jacoco" />
    <property name="line.separator" value="&#xd;&#xa;" />
    <property name="java.vm.name" value="Java HotSpot(TM) 64-Bit Server VM" />
    <property name="result.dir" value="C:\Projects\Own\JMetadataQuery\reports" />
    <property name="basedir" value="C:\Projects\Own\JMetadataQuery" />
    <property name="ant.java.version" value="1.8" />
    <property name="ant.core.lib" value="C:\eclipse\eclipse-oxygen\plugins\org.apache.ant_1.10.1.v20170504-0840\lib\ant.jar" />
    <property name="file.encoding" value="Cp1252" />
    <property name="sonar.junit.reportPaths" value="reports/junit" />
    <property name="sonar.java.libraries" value="libs/*.jar" />
    <property name="java.specification.version" value="1.8" />
    <property name="src.dir" value="C:\Projects\Own\JMetadataQuery\JMetadataQuery\javasource" />
    <property name="ant.project.invoked-targets" value="run" />
    <property name="sonar.projectKey" value="JMetaDataQuery" />
    <property name="sonar.links.homepage" value="https://github.com/welle/JMetaDataQuery" />
  </properties>
  <testcase classname="aka.jmetadataquery.test.JMetadataQuery_Test" name="testAudioCodecSearch" time="0.07">
    <error message="com/sun/jna/Platform" type="java.lang.NoClassDefFoundError">java.lang.NoClassDefFoundError: com/sun/jna/Platform
	at aka.jmetadata.main.JMetaData.&lt;clinit&gt;(JMetaData.java:38)
	at aka.jmetadataquery.main.types.search.Criteria.isFileMatchingCriteria(Criteria.java:81)
	at aka.jmetadataquery.test.JMetadataQuery_Test.testAudioCodecSearch(JMetadataQuery_Test.java:449)
Caused by: java.lang.ClassNotFoundException: com.sun.jna.Platform
	at java.net.URLClassLoader.findClass(URLClassLoader.java:381)
	at java.lang.ClassLoader.loadClass(ClassLoader.java:424)
	at sun.misc.Launcher$AppClassLoader.loadClass(Launcher.java:331)
	at java.lang.ClassLoader.loadClass(ClassLoader.java:357)
</error>
  </testcase>
  <testcase classname="aka.jmetadataquery.test.JMetadataQuery_Test" name="testVideoMaxBitRateSearch" time="0.047">
    <error message="Could not initialize class aka.jmetadata.main.JMetaData" type="java.lang.NoClassDefFoundError">java.lang.NoClassDefFoundError: Could not initialize class aka.jmetadata.main.JMetaData
	at aka.jmetadataquery.main.types.search.Criteria.isFileMatchingCriteria(Criteria.java:81)
	at aka.jmetadataquery.test.JMetadataQuery_Test.testVideoMaxBitRateSearch(JMetadataQuery_Test.java:248)
</error>
  </testcase>
  <testcase classname="aka.jmetadataquery.test.JMetadataQuery_Test" name="testVideoAspectRatioSearch" time="0.006">
    <error message="Could not initialize class aka.jmetadata.main.JMetaData" type="java.lang.NoClassDefFoundError">java.lang.NoClassDefFoundError: Could not initialize class aka.jmetadata.main.JMetaData
	at aka.jmetadataquery.main.types.search.Criteria.isFileMatchingCriteria(Criteria.java:81)
	at aka.jmetadataquery.test.JMetadataQuery_Test.testVideoAspectRatioSearch(JMetadataQuery_Test.java:482)
</error>
  </testcase>
  <testcase classname="aka.jmetadataquery.test.JMetadataQuery_Test" name="testANDSearch" time="0.016">
    <error message="Could not initialize class aka.jmetadata.main.JMetaData" type="java.lang.NoClassDefFoundError">java.lang.NoClassDefFoundError: Could not initialize class aka.jmetadata.main.JMetaData
	at aka.jmetadataquery.main.types.search.Criteria.isFileMatchingCriteria(Criteria.java:81)
	at aka.jmetadataquery.main.types.search.operation.AndSearch.isFileMatchingCriteria(AndSearch.java:66)
	at aka.jmetadataquery.test.JMetadataQuery_Test.testANDSearch(JMetadataQuery_Test.java:93)
</error>
  </testcase>
  <testcase classname="aka.jmetadataquery.test.JMetadataQuery_Test" name="testTextLanguageSearch" time="0.02">
    <error message="Could not initialize class aka.jmetadata.main.JMetaData" type="java.lang.NoClassDefFoundError">java.lang.NoClassDefFoundError: Could not initialize class aka.jmetadata.main.JMetaData
	at aka.jmetadataquery.main.types.search.Criteria.isFileMatchingCriteria(Criteria.java:81)
	at aka.jmetadataquery.test.JMetadataQuery_Test.testTextLanguageSearch(JMetadataQuery_Test.java:431)
</error>
  </testcase>
  <testcase classname="aka.jmetadataquery.test.JMetadataQuery_Test" name="testORSearch" time="0.004">
    <error message="Could not initialize class aka.jmetadata.main.JMetaData" type="java.lang.NoClassDefFoundError">java.lang.NoClassDefFoundError: Could not initialize class aka.jmetadata.main.JMetaData
	at aka.jmetadataquery.main.types.search.Criteria.isFileMatchingCriteria(Criteria.java:81)
	at aka.jmetadataquery.main.types.search.operation.OrSearch.isFileMatchingCriteria(OrSearch.java:66)
	at aka.jmetadataquery.test.JMetadataQuery_Test.testORSearch(JMetadataQuery_Test.java:70)
</error>
  </testcase>
  <testcase classname="aka.jmetadataquery.test.JMetadataQuery_Test" name="testAudioFormatSearch" time="0.011">
    <error message="Could not initialize class aka.jmetadata.main.JMetaData" type="java.lang.NoClassDefFoundError">java.lang.NoClassDefFoundError: Could not initialize class aka.jmetadata.main.JMetaData
	at aka.jmetadataquery.main.types.search.Criteria.isFileMatchingCriteria(Criteria.java:81)
	at aka.jmetadataquery.test.JMetadataQuery_Test.testAudioFormatSearch(JMetadataQuery_Test.java:391)
</error>
  </testcase>
  <testcase classname="aka.jmetadataquery.test.JMetadataQuery_Test" name="testAudioProfileSearch" time="0.007">
    <error message="Could not initialize class aka.jmetadata.main.JMetaData" type="java.lang.NoClassDefFoundError">java.lang.NoClassDefFoundError: Could not initialize class aka.jmetadata.main.JMetaData
	at aka.jmetadataquery.main.types.search.Criteria.isFileMatchingCriteria(Criteria.java:81)
	at aka.jmetadataquery.test.JMetadataQuery_Test.testAudioProfileSearch(JMetadataQuery_Test.java:154)
</error>
  </testcase>
  <testcase classname="aka.jmetadataquery.test.JMetadataQuery_Test" name="testAudioCompressionModeSearch" time="0.006">
    <error message="Could not initialize class aka.jmetadata.main.JMetaData" type="java.lang.NoClassDefFoundError">java.lang.NoClassDefFoundError: Could not initialize class aka.jmetadata.main.JMetaData
	at aka.jmetadataquery.main.types.search.Criteria.isFileMatchingCriteria(Criteria.java:81)
	at aka.jmetadataquery.test.JMetadataQuery_Test.testAudioCompressionModeSearch(JMetadataQuery_Test.java:142)
</error>
  </testcase>
  <testcase classname="aka.jmetadataquery.test.JMetadataQuery_Test" name="testAudioBitRateSearch" time="0.003">
    <error message="Could not initialize class aka.jmetadata.main.JMetaData" type="java.lang.NoClassDefFoundError">java.lang.NoClassDefFoundError: Could not initialize class aka.jmetadata.main.JMetaData
	at aka.jmetadataquery.main.types.search.Criteria.isFileMatchingCriteria(Criteria.java:81)
	at aka.jmetadataquery.test.JMetadataQuery_Test.testAudioBitRateSearch(JMetadataQuery_Test.java:283)
</error>
  </testcase>
  <testcase classname="aka.jmetadataquery.test.JMetadataQuery_Test" name="testMultipleSearch" time="0.0">
    <error message="Could not initialize class aka.jmetadata.main.JMetaData" type="java.lang.NoClassDefFoundError">java.lang.NoClassDefFoundError: Could not initialize class aka.jmetadata.main.JMetaData
	at aka.jmetadataquery.main.types.search.Criteria.getStreamsIDInFileMatchingCriteria(Criteria.java:63)
	at aka.jmetadataquery.main.types.search.operation.AndSearch.isFileMatchingCriteria(AndSearch.java:60)
	at aka.jmetadataquery.test.JMetadataQuery_Test.testMultipleSearch(JMetadataQuery_Test.java:169)
</error>
  </testcase>
  <testcase classname="aka.jmetadataquery.test.JMetadataQuery_Test" name="testAudioLanguageSearch" time="0.003">
    <error message="Could not initialize class aka.jmetadata.main.JMetaData" type="java.lang.NoClassDefFoundError">java.lang.NoClassDefFoundError: Could not initialize class aka.jmetadata.main.JMetaData
	at aka.jmetadataquery.main.types.search.Criteria.isFileMatchingCriteria(Criteria.java:81)
	at aka.jmetadataquery.test.JMetadataQuery_Test.testAudioLanguageSearch(JMetadataQuery_Test.java:420)
</error>
  </testcase>
  <testcase classname="aka.jmetadataquery.test.JMetadataQuery_Test" name="testVideoCodecSearch" time="0.013">
    <error message="Could not initialize class aka.jmetadata.main.JMetaData" type="java.lang.NoClassDefFoundError">java.lang.NoClassDefFoundError: Could not initialize class aka.jmetadata.main.JMetaData
	at aka.jmetadataquery.main.types.search.Criteria.isFileMatchingCriteria(Criteria.java:81)
	at aka.jmetadataquery.test.JMetadataQuery_Test.testVideoCodecSearch(JMetadataQuery_Test.java:409)
</error>
  </testcase>
  <testcase classname="aka.jmetadataquery.test.JMetadataQuery_Test" name="testSameStreamSearch" time="0.001">
    <error message="Could not initialize class aka.jmetadata.main.JMetaData" type="java.lang.NoClassDefFoundError">java.lang.NoClassDefFoundError: Could not initialize class aka.jmetadata.main.JMetaData
	at aka.jmetadataquery.main.types.search.Criteria.getStreamsIDInFileMatchingCriteria(Criteria.java:63)
	at aka.jmetadataquery.main.types.search.operation.AndSearch.isFileMatchingCriteria(AndSearch.java:60)
	at aka.jmetadataquery.test.JMetadataQuery_Test.testSameStreamSearch(JMetadataQuery_Test.java:103)
</error>
  </testcase>
  <testcase classname="aka.jmetadataquery.test.JMetadataQuery_Test" name="testFileExtensionSearch" time="0.003">
    <error message="Could not initialize class aka.jmetadata.main.JMetaData" type="java.lang.NoClassDefFoundError">java.lang.NoClassDefFoundError: Could not initialize class aka.jmetadata.main.JMetaData
	at aka.jmetadataquery.main.types.search.Criteria.isFileMatchingCriteria(Criteria.java:81)
	at aka.jmetadataquery.test.JMetadataQuery_Test.testFileExtensionSearch(JMetadataQuery_Test.java:131)
</error>
  </testcase>
  <testcase classname="aka.jmetadataquery.test.JMetadataQuery_Test" name="testVideoFormatSearch" time="0.004">
    <error message="Could not initialize class aka.jmetadata.main.JMetaData" type="java.lang.NoClassDefFoundError">java.lang.NoClassDefFoundError: Could not initialize class aka.jmetadata.main.JMetaData
	at aka.jmetadataquery.main.types.search.Criteria.isFileMatchingCriteria(Criteria.java:81)
	at aka.jmetadataquery.test.JMetadataQuery_Test.testVideoFormatSearch(JMetadataQuery_Test.java:201)
</error>
  </testcase>
  <testcase classname="aka.jmetadataquery.test.JMetadataQuery_Test" name="testMultiple" time="0.0">
    <error message="Could not initialize class aka.jmetadata.main.JMetaData" type="java.lang.NoClassDefFoundError">java.lang.NoClassDefFoundError: Could not initialize class aka.jmetadata.main.JMetaData
	at aka.jmetadataquery.main.types.search.Criteria.getStreamsIDInFileMatchingCriteria(Criteria.java:63)
	at aka.jmetadataquery.main.types.search.operation.AndSearch.isFileMatchingCriteria(AndSearch.java:60)
	at aka.jmetadataquery.test.JMetadataQuery_Test.testMultiple(JMetadataQuery_Test.java:83)
</error>
  </testcase>
  <testcase classname="aka.jmetadataquery.test.JMetadataQuery_Test" name="testAudioChannelSearch" time="0.003">
    <error message="Could not initialize class aka.jmetadata.main.JMetaData" type="java.lang.NoClassDefFoundError">java.lang.NoClassDefFoundError: Could not initialize class aka.jmetadata.main.JMetaData
	at aka.jmetadataquery.main.types.search.Criteria.isFileMatchingCriteria(Criteria.java:81)
	at aka.jmetadataquery.test.JMetadataQuery_Test.testAudioChannelSearch(JMetadataQuery_Test.java:319)
</error>
  </testcase>
  <testcase classname="aka.jmetadataquery.test.JMetadataQuery_Test" name="testGeneralDurationSearch" time="0.003">
    <error message="Could not initialize class aka.jmetadata.main.JMetaData" type="java.lang.NoClassDefFoundError">java.lang.NoClassDefFoundError: Could not initialize class aka.jmetadata.main.JMetaData
	at aka.jmetadataquery.main.types.search.Criteria.isFileMatchingCriteria(Criteria.java:81)
	at aka.jmetadataquery.test.JMetadataQuery_Test.testGeneralDurationSearch(JMetadataQuery_Test.java:356)
</error>
  </testcase>
  <testcase classname="aka.jmetadataquery.test.JMetadataQuery_Test" name="testVideoResolutionSearch" time="0.007">
    <error message="Could not initialize class aka.jmetadata.main.JMetaData" type="java.lang.NoClassDefFoundError">java.lang.NoClassDefFoundError: Could not initialize class aka.jmetadata.main.JMetaData
	at aka.jmetadataquery.main.types.search.Criteria.isFileMatchingCriteria(Criteria.java:81)
	at aka.jmetadataquery.test.JMetadataQuery_Test.testVideoResolutionSearch(JMetadataQuery_Test.java:467)
</error>
  </testcase>
  <testcase classname="aka.jmetadataquery.test.JMetadataQuery_Test" name="testFileSizeSearch" time="0.018">
    <error message="Could not initialize class aka.jmetadata.main.JMetaData" type="java.lang.NoClassDefFoundError">java.lang.NoClassDefFoundError: Could not initialize class aka.jmetadata.main.JMetaData
	at aka.jmetadataquery.main.types.search.Criteria.isFileMatchingCriteria(Criteria.java:81)
	at aka.jmetadataquery.test.JMetadataQuery_Test.testFileSizeSearch(JMetadataQuery_Test.java:212)
</error>
  </testcase>
  <system-out><![CDATA[]]></system-out>
  <system-err><![CDATA[]]></system-err>
</testsuite>
