<?xml version="1.0" encoding="UTF-8" ?>
<testsuite errors="0" failures="0" hostname="ABSI-Charlottew" name="aka.jmetadataquery.test.JMetadataQuery_Test" skipped="0" tests="21" time="5.033" timestamp="2017-07-24T06:00:30">
  <properties>
    <property name="java.vendor" value="Oracle Corporation" />
    <property name="src.test.dir" value="C:\Projects\Own\JMetadataQuery\Test\javasource" />
    <property name="result.exec.file" value="C:\Projects\Own\JMetadataQuery\reports\jacoco\jacoco.exec" />
    <property name="sun.java.launcher" value="SUN_STANDARD" />
    <property name="sonar.projectName" value="JMetaDataQuery" />
    <property name="sonar.links.scm" value="https://github.com/welle/JMetaDataQuery" />
    <property name="sonar.java.binaries" value="reports/classes" />
    <property name="sun.management.compiler" value="HotSpot 64-Bit Tiered Compilers" />
    <property name="ant.file.type.Ant Build with JaCoCo" value="file" />
    <property name="javadoc_dest" value="C:/Projects/Own/JMetadataQuery/javadoc" />
    <property name="os.name" value="Windows 10" />
    <property name="sun.boot.class.path" value="C:\Program Files\Java\jdk1.8.0_121\jre\lib\resources.jar;C:\Program Files\Java\jdk1.8.0_121\jre\lib\rt.jar;C:\Program Files\Java\jdk1.8.0_121\jre\lib\sunrsasign.jar;C:\Program Files\Java\jdk1.8.0_121\jre\lib\jsse.jar;C:\Program Files\Java\jdk1.8.0_121\jre\lib\jce.jar;C:\Program Files\Java\jdk1.8.0_121\jre\lib\charsets.jar;C:\Program Files\Java\jdk1.8.0_121\jre\lib\jfr.jar;C:\Program Files\Java\jdk1.8.0_121\jre\classes" />
    <property name="ant.file.JMetadataQuery" value="C:\Projects\Own\JMetadataQuery\build.xml" />
    <property name="sun.desktop" value="windows" />
    <property name="java.vm.specification.vendor" value="Oracle Corporation" />
    <property name="ant.home" value="C:\eclipse\eclipse-oxygen\plugins\org.apache.ant_1.10.1.v20170504-0840" />
    <property name="sonar.projectVersion" value="0.3" />
    <property name="sonar.links.issue" value="https://github.com/welle/JMetaDataQuery/issues" />
    <property name="java.runtime.version" value="1.8.0_121-b13" />
    <property name="ant.file.type.JMetadataQuery" value="file" />
    <property name="user.name" value="charlottew" />
    <property name="sonar.jacoco.reportPaths" value="reports/jacoco/jacoco.exec" />
    <property name="build.properties.present" value="true" />
    <property name="user.language" value="en" />
    <property name="sun.boot.library.path" value="C:\Program Files\Java\jdk1.8.0_121\jre\bin" />
    <property name="ant.project.default-target" value="jars" />
    <property name="ant.project.name" value="JMetadataQuery" />
    <property name="java.version" value="1.8.0_121" />
    <property name="classes" value="JMetadataQuery/classes" />
    <property name="version" value="1.3" />
    <property name="user.timezone" value="" />
    <property name="sun.arch.data.model" value="64" />
    <property name="sonar.host.url" value="https://sonarcloud.io" />
    <property name="java.endorsed.dirs" value="C:\Program Files\Java\jdk1.8.0_121\jre\lib\endorsed" />
    <property name="sonar.java.test.libraries" value="libs/*.jar,libTest/**/*.jar" />
    <property name="sun.cpu.isalist" value="amd64" />
    <property name="sun.jnu.encoding" value="Cp1252" />
    <property name="file.encoding.pkg" value="sun.io" />
    <property name="file.separator" value="\" />
    <property name="java.specification.name" value="Java Platform API Specification" />
    <property name="sonar.sources" value="JMetadataQuery/javasource" />
    <property name="java.class.version" value="52.0" />
    <property name="user.country" value="US" />
    <property name="java.home" value="C:\Program Files\Java\jdk1.8.0_121\jre" />
    <property name="java.vm.info" value="mixed mode" />
    <property name="ant.file" value="C:\Projects\Own\JMetadataQuery\build.xml" />
    <property name="os.version" value="10.0" />
    <property name="result.report.dir" value="C:\Projects\Own\JMetadataQuery\reports\site\jacoco" />
    <property name="ant.file.type.Sonar" value="file" />
    <property name="path.separator" value=";" />
    <property name="java.vm.version" value="25.121-b13" />
    <property name="user.variant" value="" />
    <property name="ant.library.dir" value="C:\eclipse\eclipse-oxygen\plugins\org.apache.ant_1.10.1.v20170504-0840\lib" />
    <property name="ant.file.Sonar" value="C:\Projects\Own\JMetadataQuery\buildSonar.xml" />
    <property name="result.classes.dir" value="C:\Projects\Own\JMetadataQuery\reports\classes" />
    <property name="java.awt.printerjob" value="sun.awt.windows.WPrinterJob" />
    <property name="sun.io.unicode.encoding" value="UnicodeLittle" />
    <property name="awt.toolkit" value="sun.awt.windows.WToolkit" />
    <property name="_jacoco.agentFile" value="C:\Users\CHARLO~1\AppData\Local\Temp\jacocoagent6153072192753795700.jar" />
    <property name="sonar.tests" value="Test/javasource" />
    <property name="user.script" value="" />
    <property name="sonar.java.test.binaries" value="reports/classes" />
    <property name="user.home" value="C:\Users\charlottew" />
    <property name="sonar.language" value="java" />
    <property name="java.specification.vendor" value="Oracle Corporation" />
    <property name="java.library.path" value="C:\Program Files\Java\jdk1.8.0_121\jre\bin;C:\Windows\Sun\Java\bin;C:\Windows\system32;C:\Windows;C:/Program Files/Java/jre1.8.0_131/bin/server;C:/Program Files/Java/jre1.8.0_131/bin;C:/Program Files/Java/jre1.8.0_131/lib/amd64;C:\ProgramData\Oracle\Java\javapath;C:\Program Files (x86)\Intel\iCLS Client\;C:\Program Files\Intel\iCLS Client\;C:\Windows\system32;C:\Windows;C:\Windows\System32\Wbem;C:\Windows\System32\WindowsPowerShell\v1.0\;C:\Program Files (x86)\Intel\Intel(R) Management Engine Components\DAL;C:\Program Files\Intel\Intel(R) Management Engine Components\DAL;C:\Program Files (x86)\Intel\Intel(R) Management Engine Components\IPT;C:\Program Files\Intel\Intel(R) Management Engine Components\IPT;C:\Program Files\Intel\WiFi\bin\;C:\Program Files\Common Files\Intel\WirelessCommon\;C:\Program Files\OpenVPN\bin;C:\Program Files (x86)\PuTTY\;C:\Program Files (x86)\Skype\Phone\;C:\Program Files (x86)\GitExtensions\;C:\Program Files\ant\bin;C:\Program Files\Git\cmd;C:\Program Files (x86)\Python\Python36-32\Scripts\;C:\Program Files (x86)\Python\Python36-32\;C:\Users\charlottew\AppData\Local\Microsoft\WindowsApps;C:\Program Files\sfdx\bin;C:\eclipse\eclipse-oxygen;;." />
    <property name="java.vendor.url" value="http://java.oracle.com/" />
    <property name="sonar.links.ci" value="https://travis-ci.org/welle/JMetaDataQuery" />
    <property name="java.vm.vendor" value="Oracle Corporation" />
    <property name="java.runtime.name" value="Java(TM) SE Runtime Environment" />
    <property name="java.class.path" value="C:\Projects\Own\JMetadataQuery\reports\classes;C:\Projects\Own\JMetadataQuery\Test\videosamples;C:\Projects\Own\JMetadataQuery\libs\JMetadata-1.2.jar;C:\Projects\Own\JMetadataQuery\libs\SwissKnife-1.0.jar;C:\Projects\Own\JMetadataQuery\libs\common-util-1.1.1.jar;C:\Projects\Own\JMetadataQuery\libs\commons-io-2.4.jar;C:\Projects\Own\JMetadataQuery\libs\jna-3.0.9.jar;C:\Projects\Own\JMetadataQuery\libs\org.eclipse.jdt.annotation_2.0.0.v20140415-1436.jar;C:\Projects\Own\JMetadataQuery\libs\sqlbuilder-2.1.7.jar;C:\Projects\Own\JMetadataQuery\build\JMetadataQuery-1.3.jar;C:\Projects\Own\JMetadataQuery\libTest\hamcrest-core-1.3.jar;C:\Projects\Own\JMetadataQuery\libTest\junit-4.11.jar;C:\Projects\Own\JMetadataQuery\libTest\org.jacoco.ant-0.7.9-nodeps.jar;C:\Projects\Own\JMetadataQuery\libTest\sonarqube-ant-task-2.4.jar;C:\eclipse\eclipse-oxygen\plugins\org.apache.ant_1.10.1.v20170504-0840\lib\ant-launcher.jar;C:\eclipse\eclipse-oxygen\plugins\org.apache.ant_1.10.1.v20170504-0840\lib\ant.jar;C:\eclipse\eclipse-oxygen\plugins\org.apache.ant_1.10.1.v20170504-0840\lib\ant-junit.jar;C:\eclipse\eclipse-oxygen\plugins\org.apache.ant_1.10.1.v20170504-0840\lib\ant-junit4.jar;C:\Users\CHARLO~1\AppData\Local\Temp\jacocoagent6153072192753795700.jar" />
    <property name="ant.version" value="Apache Ant(TM) version 1.10.1 compiled on February 2 2017" />
    <property name="sun.java.command" value="org.apache.tools.ant.taskdefs.optional.junit.JUnitTestRunner aka.jmetadataquery.test.JMetadataQuery_Test skipNonTests=false filtertrace=true haltOnError=false haltOnFailure=false formatter=org.apache.tools.ant.taskdefs.optional.junit.SummaryJUnitResultFormatter showoutput=true outputtoformatters=true logfailedtests=true threadid=0 logtestlistenerevents=false formatter=org.apache.tools.ant.taskdefs.optional.junit.XMLJUnitResultFormatter,C:\Projects\Own\JMetadataQuery\reports\junit\TEST-aka.jmetadataquery.test.JMetadataQuery_Test.xml crashfile=C:\Projects\Own\JMetadataQuery\junitvmwatcher8915608839865710510.properties propsfile=C:\Projects\Own\JMetadataQuery\junit6986069331656883999.properties" />
    <property name="ant.file.JMetadataQuery Classpath" value="C:\Projects\Own\JMetadataQuery\classpath.xml" />
    <property name="java.vm.specification.name" value="Java Virtual Machine Specification" />
    <property name="java.vm.specification.version" value="1.8" />
    <property name="sonar.sourceEncoding" value="UTF-8" />
    <property name="sun.os.patch.level" value="" />
    <property name="sun.cpu.endian" value="little" />
    <property name="debuglevel" value="source,lines,vars" />
    <property name="java.io.tmpdir" value="C:\Users\CHARLO~1\AppData\Local\Temp\" />
    <property name="java.vendor.url.bug" value="http://bugreport.sun.com/bugreport/" />
    <property name="ant.file.Ant Build with JaCoCo" value="C:\Projects\Own\JMetadataQuery\buildJaCoCo.xml" />
    <property name="result.test-classes.dir" value="C:\Projects\Own\JMetadataQuery\reports\classes" />
    <property name="ant.file.type.JMetadataQuery Classpath" value="file" />
    <property name="jars_dest" value="C:/Projects/Own/JMetadataQuery/" />
    <property name="os.arch" value="amd64" />
    <property name="java.awt.graphicsenv" value="sun.awt.Win32GraphicsEnvironment" />
    <property name="java.ext.dirs" value="C:\Program Files\Java\jdk1.8.0_121\jre\lib\ext;C:\Windows\Sun\Java\lib\ext" />
    <property name="user.dir" value="C:\Projects\Own\JMetadataQuery" />
    <property name="sonar.java.coveragePlugin" value="jacoco" />
    <property name="line.separator" value="&#xd;&#xa;" />
    <property name="java.vm.name" value="Java HotSpot(TM) 64-Bit Server VM" />
    <property name="result.dir" value="C:\Projects\Own\JMetadataQuery\reports" />
    <property name="basedir" value="C:\Projects\Own\JMetadataQuery" />
    <property name="ant.java.version" value="1.8" />
    <property name="ant.core.lib" value="C:\eclipse\eclipse-oxygen\plugins\org.apache.ant_1.10.1.v20170504-0840\lib\ant.jar" />
    <property name="file.encoding" value="Cp1252" />
    <property name="sonar.junit.reportPaths" value="reports/junit" />
    <property name="sonar.java.libraries" value="libs/*.jar" />
    <property name="java.specification.version" value="1.8" />
    <property name="src.dir" value="C:\Projects\Own\JMetadataQuery\JMetadataQuery\javasource" />
    <property name="ant.project.invoked-targets" value="run" />
    <property name="sonar.projectKey" value="JMetaDataQuery" />
    <property name="sonar.links.homepage" value="https://github.com/welle/JMetaDataQuery" />
  </properties>
  <testcase classname="aka.jmetadataquery.test.JMetadataQuery_Test" name="testAudioCodecSearch" time="0.92" />
  <testcase classname="aka.jmetadataquery.test.JMetadataQuery_Test" name="testVideoMaxBitRateSearch" time="0.384" />
  <testcase classname="aka.jmetadataquery.test.JMetadataQuery_Test" name="testVideoAspectRatioSearch" time="0.128" />
  <testcase classname="aka.jmetadataquery.test.JMetadataQuery_Test" name="testANDSearch" time="0.307" />
  <testcase classname="aka.jmetadataquery.test.JMetadataQuery_Test" name="testTextLanguageSearch" time="0.38" />
  <testcase classname="aka.jmetadataquery.test.JMetadataQuery_Test" name="testORSearch" time="0.058" />
  <testcase classname="aka.jmetadataquery.test.JMetadataQuery_Test" name="testAudioFormatSearch" time="0.244" />
  <testcase classname="aka.jmetadataquery.test.JMetadataQuery_Test" name="testAudioProfileSearch" time="0.108" />
  <testcase classname="aka.jmetadataquery.test.JMetadataQuery_Test" name="testAudioCompressionModeSearch" time="0.099" />
  <testcase classname="aka.jmetadataquery.test.JMetadataQuery_Test" name="testAudioBitRateSearch" time="0.288" />
  <testcase classname="aka.jmetadataquery.test.JMetadataQuery_Test" name="testMultipleSearch" time="0.319" />
  <testcase classname="aka.jmetadataquery.test.JMetadataQuery_Test" name="testAudioLanguageSearch" time="0.068" />
  <testcase classname="aka.jmetadataquery.test.JMetadataQuery_Test" name="testVideoCodecSearch" time="0.096" />
  <testcase classname="aka.jmetadataquery.test.JMetadataQuery_Test" name="testSameStreamSearch" time="0.237" />
  <testcase classname="aka.jmetadataquery.test.JMetadataQuery_Test" name="testFileExtensionSearch" time="0.066" />
  <testcase classname="aka.jmetadataquery.test.JMetadataQuery_Test" name="testVideoFormatSearch" time="0.072" />
  <testcase classname="aka.jmetadataquery.test.JMetadataQuery_Test" name="testMultiple" time="0.067" />
  <testcase classname="aka.jmetadataquery.test.JMetadataQuery_Test" name="testAudioChannelSearch" time="0.268" />
  <testcase classname="aka.jmetadataquery.test.JMetadataQuery_Test" name="testGeneralDurationSearch" time="0.28" />
  <testcase classname="aka.jmetadataquery.test.JMetadataQuery_Test" name="testVideoResolutionSearch" time="0.123" />
  <testcase classname="aka.jmetadataquery.test.JMetadataQuery_Test" name="testFileSizeSearch" time="0.316" />
  <system-out><![CDATA[]]></system-out>
  <system-err><![CDATA[[MediaInfo] MediaInfo - 
[MediaInfo] MediaInfo - 1
Jul 24, 2017 8:00:30 AM aka.jmetadata.main.mediainfo.MediaInfo <init>
INFO: Loading MediaInfo library
Jul 24, 2017 8:00:31 AM aka.jmetadata.main.mediainfo.MediaInfo <init>
INFO: Loaded MediaInfoLib - v0.7.95
[MediaInfo] MediaInfo - 
[MediaInfo] MediaInfo - 1
Jul 24, 2017 8:00:31 AM aka.jmetadata.main.mediainfo.MediaInfo <init>
INFO: Loading MediaInfo library
Jul 24, 2017 8:00:31 AM aka.jmetadata.main.mediainfo.MediaInfo <init>
INFO: Loaded MediaInfoLib - v0.7.95
[MediaInfo] MediaInfo - 
[MediaInfo] MediaInfo - 1
Jul 24, 2017 8:00:31 AM aka.jmetadata.main.mediainfo.MediaInfo <init>
INFO: Loading MediaInfo library
Jul 24, 2017 8:00:31 AM aka.jmetadata.main.mediainfo.MediaInfo <init>
INFO: Loaded MediaInfoLib - v0.7.95
[MediaInfo] MediaInfo - 
[MediaInfo] MediaInfo - 1
Jul 24, 2017 8:00:31 AM aka.jmetadata.main.mediainfo.MediaInfo <init>
INFO: Loading MediaInfo library
Jul 24, 2017 8:00:31 AM aka.jmetadata.main.mediainfo.MediaInfo <init>
INFO: Loaded MediaInfoLib - v0.7.95
[MediaInfo] MediaInfo - 
[MediaInfo] MediaInfo - 1
Jul 24, 2017 8:00:31 AM aka.jmetadata.main.mediainfo.MediaInfo <init>
INFO: Loading MediaInfo library
Jul 24, 2017 8:00:31 AM aka.jmetadata.main.mediainfo.MediaInfo <init>
INFO: Loaded MediaInfoLib - v0.7.95
[MediaInfo] MediaInfo - 
[MediaInfo] MediaInfo - 1
Jul 24, 2017 8:00:31 AM aka.jmetadata.main.mediainfo.MediaInfo <init>
INFO: Loading MediaInfo library
Jul 24, 2017 8:00:31 AM aka.jmetadata.main.mediainfo.MediaInfo <init>
INFO: Loaded MediaInfoLib - v0.7.95
[MediaInfo] MediaInfo - 
[MediaInfo] MediaInfo - 1
Jul 24, 2017 8:00:31 AM aka.jmetadata.main.mediainfo.MediaInfo <init>
INFO: Loading MediaInfo library
Jul 24, 2017 8:00:31 AM aka.jmetadata.main.mediainfo.MediaInfo <init>
INFO: Loaded MediaInfoLib - v0.7.95
[MediaInfo] MediaInfo - 
[MediaInfo] MediaInfo - 1
Jul 24, 2017 8:00:31 AM aka.jmetadata.main.mediainfo.MediaInfo <init>
INFO: Loading MediaInfo library
Jul 24, 2017 8:00:31 AM aka.jmetadata.main.mediainfo.MediaInfo <init>
INFO: Loaded MediaInfoLib - v0.7.95
[MediaInfo] MediaInfo - 
[MediaInfo] MediaInfo - 1
Jul 24, 2017 8:00:31 AM aka.jmetadata.main.mediainfo.MediaInfo <init>
INFO: Loading MediaInfo library
Jul 24, 2017 8:00:31 AM aka.jmetadata.main.mediainfo.MediaInfo <init>
INFO: Loaded MediaInfoLib - v0.7.95
[MediaInfo] MediaInfo - 
[MediaInfo] MediaInfo - 1
Jul 24, 2017 8:00:31 AM aka.jmetadata.main.mediainfo.MediaInfo <init>
INFO: Loading MediaInfo library
Jul 24, 2017 8:00:31 AM aka.jmetadata.main.mediainfo.MediaInfo <init>
INFO: Loaded MediaInfoLib - v0.7.95
[MediaInfo] MediaInfo - 
[MediaInfo] MediaInfo - 1
Jul 24, 2017 8:00:31 AM aka.jmetadata.main.mediainfo.MediaInfo <init>
INFO: Loading MediaInfo library
Jul 24, 2017 8:00:31 AM aka.jmetadata.main.mediainfo.MediaInfo <init>
INFO: Loaded MediaInfoLib - v0.7.95
[MediaInfo] MediaInfo - 
[MediaInfo] MediaInfo - 1
Jul 24, 2017 8:00:31 AM aka.jmetadata.main.mediainfo.MediaInfo <init>
INFO: Loading MediaInfo library
Jul 24, 2017 8:00:31 AM aka.jmetadata.main.mediainfo.MediaInfo <init>
INFO: Loaded MediaInfoLib - v0.7.95
[MediaInfo] MediaInfo - 
[MediaInfo] MediaInfo - 1
Jul 24, 2017 8:00:31 AM aka.jmetadata.main.mediainfo.MediaInfo <init>
INFO: Loading MediaInfo library
Jul 24, 2017 8:00:31 AM aka.jmetadata.main.mediainfo.MediaInfo <init>
INFO: Loaded MediaInfoLib - v0.7.95
[MediaInfo] MediaInfo - 
[MediaInfo] MediaInfo - 1
Jul 24, 2017 8:00:31 AM aka.jmetadata.main.mediainfo.MediaInfo <init>
INFO: Loading MediaInfo library
Jul 24, 2017 8:00:31 AM aka.jmetadata.main.mediainfo.MediaInfo <init>
INFO: Loaded MediaInfoLib - v0.7.95
[MediaInfo] MediaInfo - 
[MediaInfo] MediaInfo - 1
Jul 24, 2017 8:00:31 AM aka.jmetadata.main.mediainfo.MediaInfo <init>
INFO: Loading MediaInfo library
Jul 24, 2017 8:00:31 AM aka.jmetadata.main.mediainfo.MediaInfo <init>
INFO: Loaded MediaInfoLib - v0.7.95
[MediaInfo] MediaInfo - 
[MediaInfo] MediaInfo - 1
Jul 24, 2017 8:00:31 AM aka.jmetadata.main.mediainfo.MediaInfo <init>
INFO: Loading MediaInfo library
Jul 24, 2017 8:00:31 AM aka.jmetadata.main.mediainfo.MediaInfo <init>
INFO: Loaded MediaInfoLib - v0.7.95
[MediaInfo] MediaInfo - 
[MediaInfo] MediaInfo - 1
Jul 24, 2017 8:00:32 AM aka.jmetadata.main.mediainfo.MediaInfo <init>
INFO: Loading MediaInfo library
Jul 24, 2017 8:00:32 AM aka.jmetadata.main.mediainfo.MediaInfo <init>
INFO: Loaded MediaInfoLib - v0.7.95
[MediaInfo] MediaInfo - 
[MediaInfo] MediaInfo - 1
Jul 24, 2017 8:00:32 AM aka.jmetadata.main.mediainfo.MediaInfo <init>
INFO: Loading MediaInfo library
Jul 24, 2017 8:00:32 AM aka.jmetadata.main.mediainfo.MediaInfo <init>
INFO: Loaded MediaInfoLib - v0.7.95
[MediaInfo] MediaInfo - 
[MediaInfo] MediaInfo - 1
Jul 24, 2017 8:00:32 AM aka.jmetadata.main.mediainfo.MediaInfo <init>
INFO: Loading MediaInfo library
Jul 24, 2017 8:00:32 AM aka.jmetadata.main.mediainfo.MediaInfo <init>
INFO: Loaded MediaInfoLib - v0.7.95
[MediaInfo] MediaInfo - 
[MediaInfo] MediaInfo - 1
Jul 24, 2017 8:00:32 AM aka.jmetadata.main.mediainfo.MediaInfo <init>
INFO: Loading MediaInfo library
Jul 24, 2017 8:00:32 AM aka.jmetadata.main.mediainfo.MediaInfo <init>
INFO: Loaded MediaInfoLib - v0.7.95
[MediaInfo] MediaInfo - 
[MediaInfo] MediaInfo - 1
Jul 24, 2017 8:00:32 AM aka.jmetadata.main.mediainfo.MediaInfo <init>
INFO: Loading MediaInfo library
Jul 24, 2017 8:00:32 AM aka.jmetadata.main.mediainfo.MediaInfo <init>
INFO: Loaded MediaInfoLib - v0.7.95
[MediaInfo] MediaInfo - 
[MediaInfo] MediaInfo - 1
Jul 24, 2017 8:00:32 AM aka.jmetadata.main.mediainfo.MediaInfo <init>
INFO: Loading MediaInfo library
Jul 24, 2017 8:00:32 AM aka.jmetadata.main.mediainfo.MediaInfo <init>
INFO: Loaded MediaInfoLib - v0.7.95
[MediaInfo] MediaInfo - 
[MediaInfo] MediaInfo - 1
Jul 24, 2017 8:00:32 AM aka.jmetadata.main.mediainfo.MediaInfo <init>
INFO: Loading MediaInfo library
Jul 24, 2017 8:00:32 AM aka.jmetadata.main.mediainfo.MediaInfo <init>
INFO: Loaded MediaInfoLib - v0.7.95
[MediaInfo] MediaInfo - 
[MediaInfo] MediaInfo - 1
Jul 24, 2017 8:00:32 AM aka.jmetadata.main.mediainfo.MediaInfo <init>
INFO: Loading MediaInfo library
Jul 24, 2017 8:00:32 AM aka.jmetadata.main.mediainfo.MediaInfo <init>
INFO: Loaded MediaInfoLib - v0.7.95
[MediaInfo] MediaInfo - 
[MediaInfo] MediaInfo - 1
Jul 24, 2017 8:00:32 AM aka.jmetadata.main.mediainfo.MediaInfo <init>
INFO: Loading MediaInfo library
Jul 24, 2017 8:00:32 AM aka.jmetadata.main.mediainfo.MediaInfo <init>
INFO: Loaded MediaInfoLib - v0.7.95
[MediaInfo] MediaInfo - 
[MediaInfo] MediaInfo - 1
Jul 24, 2017 8:00:32 AM aka.jmetadata.main.mediainfo.MediaInfo <init>
INFO: Loading MediaInfo library
Jul 24, 2017 8:00:32 AM aka.jmetadata.main.mediainfo.MediaInfo <init>
INFO: Loaded MediaInfoLib - v0.7.95
[MediaInfo] MediaInfo - 
[MediaInfo] MediaInfo - 1
Jul 24, 2017 8:00:33 AM aka.jmetadata.main.mediainfo.MediaInfo <init>
INFO: Loading MediaInfo library
Jul 24, 2017 8:00:33 AM aka.jmetadata.main.mediainfo.MediaInfo <init>
INFO: Loaded MediaInfoLib - v0.7.95
[MediaInfo] MediaInfo - 
[MediaInfo] MediaInfo - 1
Jul 24, 2017 8:00:33 AM aka.jmetadata.main.mediainfo.MediaInfo <init>
INFO: Loading MediaInfo library
Jul 24, 2017 8:00:33 AM aka.jmetadata.main.mediainfo.MediaInfo <init>
INFO: Loaded MediaInfoLib - v0.7.95
[MediaInfo] MediaInfo - 
[MediaInfo] MediaInfo - 1
Jul 24, 2017 8:00:33 AM aka.jmetadata.main.mediainfo.MediaInfo <init>
INFO: Loading MediaInfo library
Jul 24, 2017 8:00:33 AM aka.jmetadata.main.mediainfo.MediaInfo <init>
INFO: Loaded MediaInfoLib - v0.7.95
[MediaInfo] MediaInfo - 
[MediaInfo] MediaInfo - 1
Jul 24, 2017 8:00:33 AM aka.jmetadata.main.mediainfo.MediaInfo <init>
INFO: Loading MediaInfo library
Jul 24, 2017 8:00:33 AM aka.jmetadata.main.mediainfo.MediaInfo <init>
INFO: Loaded MediaInfoLib - v0.7.95
[MediaInfo] MediaInfo - 
[MediaInfo] MediaInfo - 1
Jul 24, 2017 8:00:33 AM aka.jmetadata.main.mediainfo.MediaInfo <init>
INFO: Loading MediaInfo library
Jul 24, 2017 8:00:33 AM aka.jmetadata.main.mediainfo.MediaInfo <init>
INFO: Loaded MediaInfoLib - v0.7.95
[MediaInfo] MediaInfo - 
[MediaInfo] MediaInfo - 1
Jul 24, 2017 8:00:33 AM aka.jmetadata.main.mediainfo.MediaInfo <init>
INFO: Loading MediaInfo library
Jul 24, 2017 8:00:33 AM aka.jmetadata.main.mediainfo.MediaInfo <init>
INFO: Loaded MediaInfoLib - v0.7.95
[MediaInfo] MediaInfo - 
[MediaInfo] MediaInfo - 1
Jul 24, 2017 8:00:33 AM aka.jmetadata.main.mediainfo.MediaInfo <init>
INFO: Loading MediaInfo library
Jul 24, 2017 8:00:33 AM aka.jmetadata.main.mediainfo.MediaInfo <init>
INFO: Loaded MediaInfoLib - v0.7.95
[MediaInfo] MediaInfo - 
[MediaInfo] MediaInfo - 1
Jul 24, 2017 8:00:33 AM aka.jmetadata.main.mediainfo.MediaInfo <init>
INFO: Loading MediaInfo library
Jul 24, 2017 8:00:33 AM aka.jmetadata.main.mediainfo.MediaInfo <init>
INFO: Loaded MediaInfoLib - v0.7.95
[MediaInfo] MediaInfo - 
[MediaInfo] MediaInfo - 1
Jul 24, 2017 8:00:33 AM aka.jmetadata.main.mediainfo.MediaInfo <init>
INFO: Loading MediaInfo library
Jul 24, 2017 8:00:33 AM aka.jmetadata.main.mediainfo.MediaInfo <init>
INFO: Loaded MediaInfoLib - v0.7.95
[MediaInfo] MediaInfo - 
[MediaInfo] MediaInfo - 1
Jul 24, 2017 8:00:33 AM aka.jmetadata.main.mediainfo.MediaInfo <init>
INFO: Loading MediaInfo library
Jul 24, 2017 8:00:33 AM aka.jmetadata.main.mediainfo.MediaInfo <init>
INFO: Loaded MediaInfoLib - v0.7.95
[MediaInfo] MediaInfo - 
[MediaInfo] MediaInfo - 1
Jul 24, 2017 8:00:33 AM aka.jmetadata.main.mediainfo.MediaInfo <init>
INFO: Loading MediaInfo library
Jul 24, 2017 8:00:33 AM aka.jmetadata.main.mediainfo.MediaInfo <init>
INFO: Loaded MediaInfoLib - v0.7.95
[MediaInfo] MediaInfo - 
[MediaInfo] MediaInfo - 1
Jul 24, 2017 8:00:33 AM aka.jmetadata.main.mediainfo.MediaInfo <init>
INFO: Loading MediaInfo library
Jul 24, 2017 8:00:33 AM aka.jmetadata.main.mediainfo.MediaInfo <init>
INFO: Loaded MediaInfoLib - v0.7.95
[MediaInfo] MediaInfo - 
[MediaInfo] MediaInfo - 1
Jul 24, 2017 8:00:33 AM aka.jmetadata.main.mediainfo.MediaInfo <init>
INFO: Loading MediaInfo library
Jul 24, 2017 8:00:33 AM aka.jmetadata.main.mediainfo.MediaInfo <init>
INFO: Loaded MediaInfoLib - v0.7.95
[MediaInfo] MediaInfo - 
[MediaInfo] MediaInfo - 1
Jul 24, 2017 8:00:33 AM aka.jmetadata.main.mediainfo.MediaInfo <init>
INFO: Loading MediaInfo library
Jul 24, 2017 8:00:33 AM aka.jmetadata.main.mediainfo.MediaInfo <init>
INFO: Loaded MediaInfoLib - v0.7.95
[MediaInfo] MediaInfo - 
[MediaInfo] MediaInfo - 1
Jul 24, 2017 8:00:33 AM aka.jmetadata.main.mediainfo.MediaInfo <init>
INFO: Loading MediaInfo library
Jul 24, 2017 8:00:33 AM aka.jmetadata.main.mediainfo.MediaInfo <init>
INFO: Loaded MediaInfoLib - v0.7.95
[MediaInfo] MediaInfo - 
[MediaInfo] MediaInfo - 1
Jul 24, 2017 8:00:33 AM aka.jmetadata.main.mediainfo.MediaInfo <init>
INFO: Loading MediaInfo library
Jul 24, 2017 8:00:33 AM aka.jmetadata.main.mediainfo.MediaInfo <init>
INFO: Loaded MediaInfoLib - v0.7.95
[MediaInfo] MediaInfo - 
[MediaInfo] MediaInfo - 1
Jul 24, 2017 8:00:33 AM aka.jmetadata.main.mediainfo.MediaInfo <init>
INFO: Loading MediaInfo library
Jul 24, 2017 8:00:33 AM aka.jmetadata.main.mediainfo.MediaInfo <init>
INFO: Loaded MediaInfoLib - v0.7.95
[MediaInfo] MediaInfo - 
[MediaInfo] MediaInfo - 1
Jul 24, 2017 8:00:33 AM aka.jmetadata.main.mediainfo.MediaInfo <init>
INFO: Loading MediaInfo library
Jul 24, 2017 8:00:33 AM aka.jmetadata.main.mediainfo.MediaInfo <init>
INFO: Loaded MediaInfoLib - v0.7.95
[MediaInfo] MediaInfo - 
[MediaInfo] MediaInfo - 1
Jul 24, 2017 8:00:33 AM aka.jmetadata.main.mediainfo.MediaInfo <init>
INFO: Loading MediaInfo library
Jul 24, 2017 8:00:33 AM aka.jmetadata.main.mediainfo.MediaInfo <init>
INFO: Loaded MediaInfoLib - v0.7.95
[MediaInfo] MediaInfo - 
[MediaInfo] MediaInfo - 1
Jul 24, 2017 8:00:33 AM aka.jmetadata.main.mediainfo.MediaInfo <init>
INFO: Loading MediaInfo library
Jul 24, 2017 8:00:33 AM aka.jmetadata.main.mediainfo.MediaInfo <init>
INFO: Loaded MediaInfoLib - v0.7.95
[MediaInfo] MediaInfo - 
[MediaInfo] MediaInfo - 1
Jul 24, 2017 8:00:33 AM aka.jmetadata.main.mediainfo.MediaInfo <init>
INFO: Loading MediaInfo library
Jul 24, 2017 8:00:33 AM aka.jmetadata.main.mediainfo.MediaInfo <init>
INFO: Loaded MediaInfoLib - v0.7.95
[MediaInfo] MediaInfo - 
[MediaInfo] MediaInfo - 1
Jul 24, 2017 8:00:33 AM aka.jmetadata.main.mediainfo.MediaInfo <init>
INFO: Loading MediaInfo library
Jul 24, 2017 8:00:33 AM aka.jmetadata.main.mediainfo.MediaInfo <init>
INFO: Loaded MediaInfoLib - v0.7.95
[MediaInfo] MediaInfo - 
[MediaInfo] MediaInfo - 1
Jul 24, 2017 8:00:33 AM aka.jmetadata.main.mediainfo.MediaInfo <init>
INFO: Loading MediaInfo library
Jul 24, 2017 8:00:33 AM aka.jmetadata.main.mediainfo.MediaInfo <init>
INFO: Loaded MediaInfoLib - v0.7.95
[MediaInfo] MediaInfo - 
[MediaInfo] MediaInfo - 1
Jul 24, 2017 8:00:33 AM aka.jmetadata.main.mediainfo.MediaInfo <init>
INFO: Loading MediaInfo library
Jul 24, 2017 8:00:33 AM aka.jmetadata.main.mediainfo.MediaInfo <init>
INFO: Loaded MediaInfoLib - v0.7.95
[MediaInfo] MediaInfo - 
[MediaInfo] MediaInfo - 1
Jul 24, 2017 8:00:33 AM aka.jmetadata.main.mediainfo.MediaInfo <init>
INFO: Loading MediaInfo library
Jul 24, 2017 8:00:33 AM aka.jmetadata.main.mediainfo.MediaInfo <init>
INFO: Loaded MediaInfoLib - v0.7.95
[MediaInfo] MediaInfo - 
[MediaInfo] MediaInfo - 1
Jul 24, 2017 8:00:34 AM aka.jmetadata.main.mediainfo.MediaInfo <init>
INFO: Loading MediaInfo library
Jul 24, 2017 8:00:34 AM aka.jmetadata.main.mediainfo.MediaInfo <init>
INFO: Loaded MediaInfoLib - v0.7.95
[MediaInfo] MediaInfo - 
[MediaInfo] MediaInfo - 1
Jul 24, 2017 8:00:34 AM aka.jmetadata.main.mediainfo.MediaInfo <init>
INFO: Loading MediaInfo library
Jul 24, 2017 8:00:34 AM aka.jmetadata.main.mediainfo.MediaInfo <init>
INFO: Loaded MediaInfoLib - v0.7.95
[MediaInfo] MediaInfo - 
[MediaInfo] MediaInfo - 1
Jul 24, 2017 8:00:34 AM aka.jmetadata.main.mediainfo.MediaInfo <init>
INFO: Loading MediaInfo library
Jul 24, 2017 8:00:34 AM aka.jmetadata.main.mediainfo.MediaInfo <init>
INFO: Loaded MediaInfoLib - v0.7.95
[MediaInfo] MediaInfo - 
[MediaInfo] MediaInfo - 1
Jul 24, 2017 8:00:34 AM aka.jmetadata.main.mediainfo.MediaInfo <init>
INFO: Loading MediaInfo library
Jul 24, 2017 8:00:34 AM aka.jmetadata.main.mediainfo.MediaInfo <init>
INFO: Loaded MediaInfoLib - v0.7.95
[MediaInfo] MediaInfo - 
[MediaInfo] MediaInfo - 1
Jul 24, 2017 8:00:34 AM aka.jmetadata.main.mediainfo.MediaInfo <init>
INFO: Loading MediaInfo library
Jul 24, 2017 8:00:34 AM aka.jmetadata.main.mediainfo.MediaInfo <init>
INFO: Loaded MediaInfoLib - v0.7.95
[MediaInfo] MediaInfo - 
[MediaInfo] MediaInfo - 1
Jul 24, 2017 8:00:34 AM aka.jmetadata.main.mediainfo.MediaInfo <init>
INFO: Loading MediaInfo library
Jul 24, 2017 8:00:34 AM aka.jmetadata.main.mediainfo.MediaInfo <init>
INFO: Loaded MediaInfoLib - v0.7.95
[MediaInfo] MediaInfo - 
[MediaInfo] MediaInfo - 1
Jul 24, 2017 8:00:34 AM aka.jmetadata.main.mediainfo.MediaInfo <init>
INFO: Loading MediaInfo library
Jul 24, 2017 8:00:34 AM aka.jmetadata.main.mediainfo.MediaInfo <init>
INFO: Loaded MediaInfoLib - v0.7.95
[MediaInfo] MediaInfo - 
[MediaInfo] MediaInfo - 1
Jul 24, 2017 8:00:34 AM aka.jmetadata.main.mediainfo.MediaInfo <init>
INFO: Loading MediaInfo library
Jul 24, 2017 8:00:34 AM aka.jmetadata.main.mediainfo.MediaInfo <init>
INFO: Loaded MediaInfoLib - v0.7.95
[MediaInfo] MediaInfo - 
[MediaInfo] MediaInfo - 1
Jul 24, 2017 8:00:34 AM aka.jmetadata.main.mediainfo.MediaInfo <init>
INFO: Loading MediaInfo library
Jul 24, 2017 8:00:34 AM aka.jmetadata.main.mediainfo.MediaInfo <init>
INFO: Loaded MediaInfoLib - v0.7.95
[MediaInfo] MediaInfo - 
[MediaInfo] MediaInfo - 1
Jul 24, 2017 8:00:34 AM aka.jmetadata.main.mediainfo.MediaInfo <init>
INFO: Loading MediaInfo library
Jul 24, 2017 8:00:34 AM aka.jmetadata.main.mediainfo.MediaInfo <init>
INFO: Loaded MediaInfoLib - v0.7.95
[MediaInfo] MediaInfo - 
[MediaInfo] MediaInfo - 1
Jul 24, 2017 8:00:34 AM aka.jmetadata.main.mediainfo.MediaInfo <init>
INFO: Loading MediaInfo library
Jul 24, 2017 8:00:34 AM aka.jmetadata.main.mediainfo.MediaInfo <init>
INFO: Loaded MediaInfoLib - v0.7.95
[MediaInfo] MediaInfo - 
[MediaInfo] MediaInfo - 1
Jul 24, 2017 8:00:34 AM aka.jmetadata.main.mediainfo.MediaInfo <init>
INFO: Loading MediaInfo library
Jul 24, 2017 8:00:34 AM aka.jmetadata.main.mediainfo.MediaInfo <init>
INFO: Loaded MediaInfoLib - v0.7.95
[MediaInfo] MediaInfo - 
[MediaInfo] MediaInfo - 1
Jul 24, 2017 8:00:34 AM aka.jmetadata.main.mediainfo.MediaInfo <init>
INFO: Loading MediaInfo library
Jul 24, 2017 8:00:34 AM aka.jmetadata.main.mediainfo.MediaInfo <init>
INFO: Loaded MediaInfoLib - v0.7.95
[MediaInfo] MediaInfo - 
[MediaInfo] MediaInfo - 1
Jul 24, 2017 8:00:34 AM aka.jmetadata.main.mediainfo.MediaInfo <init>
INFO: Loading MediaInfo library
Jul 24, 2017 8:00:34 AM aka.jmetadata.main.mediainfo.MediaInfo <init>
INFO: Loaded MediaInfoLib - v0.7.95
[MediaInfo] MediaInfo - 
[MediaInfo] MediaInfo - 1
Jul 24, 2017 8:00:34 AM aka.jmetadata.main.mediainfo.MediaInfo <init>
INFO: Loading MediaInfo library
Jul 24, 2017 8:00:34 AM aka.jmetadata.main.mediainfo.MediaInfo <init>
INFO: Loaded MediaInfoLib - v0.7.95
[MediaInfo] MediaInfo - 
[MediaInfo] MediaInfo - 1
Jul 24, 2017 8:00:34 AM aka.jmetadata.main.mediainfo.MediaInfo <init>
INFO: Loading MediaInfo library
Jul 24, 2017 8:00:34 AM aka.jmetadata.main.mediainfo.MediaInfo <init>
INFO: Loaded MediaInfoLib - v0.7.95
[MediaInfo] MediaInfo - 
[MediaInfo] MediaInfo - 1
Jul 24, 2017 8:00:34 AM aka.jmetadata.main.mediainfo.MediaInfo <init>
INFO: Loading MediaInfo library
Jul 24, 2017 8:00:34 AM aka.jmetadata.main.mediainfo.MediaInfo <init>
INFO: Loaded MediaInfoLib - v0.7.95
[MediaInfo] MediaInfo - 
[MediaInfo] MediaInfo - 1
Jul 24, 2017 8:00:34 AM aka.jmetadata.main.mediainfo.MediaInfo <init>
INFO: Loading MediaInfo library
Jul 24, 2017 8:00:34 AM aka.jmetadata.main.mediainfo.MediaInfo <init>
INFO: Loaded MediaInfoLib - v0.7.95
[MediaInfo] MediaInfo - 
[MediaInfo] MediaInfo - 1
Jul 24, 2017 8:00:34 AM aka.jmetadata.main.mediainfo.MediaInfo <init>
INFO: Loading MediaInfo library
Jul 24, 2017 8:00:34 AM aka.jmetadata.main.mediainfo.MediaInfo <init>
INFO: Loaded MediaInfoLib - v0.7.95
[MediaInfo] MediaInfo - 
[MediaInfo] MediaInfo - 1
Jul 24, 2017 8:00:34 AM aka.jmetadata.main.mediainfo.MediaInfo <init>
INFO: Loading MediaInfo library
Jul 24, 2017 8:00:34 AM aka.jmetadata.main.mediainfo.MediaInfo <init>
INFO: Loaded MediaInfoLib - v0.7.95
[MediaInfo] MediaInfo - 
[MediaInfo] MediaInfo - 1
Jul 24, 2017 8:00:34 AM aka.jmetadata.main.mediainfo.MediaInfo <init>
INFO: Loading MediaInfo library
Jul 24, 2017 8:00:34 AM aka.jmetadata.main.mediainfo.MediaInfo <init>
INFO: Loaded MediaInfoLib - v0.7.95
[MediaInfo] MediaInfo - 
[MediaInfo] MediaInfo - 1
Jul 24, 2017 8:00:34 AM aka.jmetadata.main.mediainfo.MediaInfo <init>
INFO: Loading MediaInfo library
Jul 24, 2017 8:00:34 AM aka.jmetadata.main.mediainfo.MediaInfo <init>
INFO: Loaded MediaInfoLib - v0.7.95
[MediaInfo] MediaInfo - 
[MediaInfo] MediaInfo - 1
Jul 24, 2017 8:00:34 AM aka.jmetadata.main.mediainfo.MediaInfo <init>
INFO: Loading MediaInfo library
Jul 24, 2017 8:00:34 AM aka.jmetadata.main.mediainfo.MediaInfo <init>
INFO: Loaded MediaInfoLib - v0.7.95
[MediaInfo] MediaInfo - 
[MediaInfo] MediaInfo - 1
Jul 24, 2017 8:00:34 AM aka.jmetadata.main.mediainfo.MediaInfo <init>
INFO: Loading MediaInfo library
Jul 24, 2017 8:00:34 AM aka.jmetadata.main.mediainfo.MediaInfo <init>
INFO: Loaded MediaInfoLib - v0.7.95
[MediaInfo] MediaInfo - 
[MediaInfo] MediaInfo - 1
Jul 24, 2017 8:00:34 AM aka.jmetadata.main.mediainfo.MediaInfo <init>
INFO: Loading MediaInfo library
Jul 24, 2017 8:00:34 AM aka.jmetadata.main.mediainfo.MediaInfo <init>
INFO: Loaded MediaInfoLib - v0.7.95
[MediaInfo] MediaInfo - 
[MediaInfo] MediaInfo - 1
Jul 24, 2017 8:00:34 AM aka.jmetadata.main.mediainfo.MediaInfo <init>
INFO: Loading MediaInfo library
Jul 24, 2017 8:00:34 AM aka.jmetadata.main.mediainfo.MediaInfo <init>
INFO: Loaded MediaInfoLib - v0.7.95
[MediaInfo] MediaInfo - 
[MediaInfo] MediaInfo - 1
Jul 24, 2017 8:00:34 AM aka.jmetadata.main.mediainfo.MediaInfo <init>
INFO: Loading MediaInfo library
Jul 24, 2017 8:00:34 AM aka.jmetadata.main.mediainfo.MediaInfo <init>
INFO: Loaded MediaInfoLib - v0.7.95
[MediaInfo] MediaInfo - 
[MediaInfo] MediaInfo - 1
Jul 24, 2017 8:00:34 AM aka.jmetadata.main.mediainfo.MediaInfo <init>
INFO: Loading MediaInfo library
Jul 24, 2017 8:00:34 AM aka.jmetadata.main.mediainfo.MediaInfo <init>
INFO: Loaded MediaInfoLib - v0.7.95
[MediaInfo] MediaInfo - 
[MediaInfo] MediaInfo - 1
Jul 24, 2017 8:00:35 AM aka.jmetadata.main.mediainfo.MediaInfo <init>
INFO: Loading MediaInfo library
Jul 24, 2017 8:00:35 AM aka.jmetadata.main.mediainfo.MediaInfo <init>
INFO: Loaded MediaInfoLib - v0.7.95
[MediaInfo] MediaInfo - 
[MediaInfo] MediaInfo - 1
Jul 24, 2017 8:00:35 AM aka.jmetadata.main.mediainfo.MediaInfo <init>
INFO: Loading MediaInfo library
Jul 24, 2017 8:00:35 AM aka.jmetadata.main.mediainfo.MediaInfo <init>
INFO: Loaded MediaInfoLib - v0.7.95
[MediaInfo] MediaInfo - 
[MediaInfo] MediaInfo - 1
Jul 24, 2017 8:00:35 AM aka.jmetadata.main.mediainfo.MediaInfo <init>
INFO: Loading MediaInfo library
Jul 24, 2017 8:00:35 AM aka.jmetadata.main.mediainfo.MediaInfo <init>
INFO: Loaded MediaInfoLib - v0.7.95
[MediaInfo] MediaInfo - 
[MediaInfo] MediaInfo - 1
Jul 24, 2017 8:00:35 AM aka.jmetadata.main.mediainfo.MediaInfo <init>
INFO: Loading MediaInfo library
Jul 24, 2017 8:00:35 AM aka.jmetadata.main.mediainfo.MediaInfo <init>
INFO: Loaded MediaInfoLib - v0.7.95
[MediaInfo] MediaInfo - 
[MediaInfo] MediaInfo - 1
Jul 24, 2017 8:00:35 AM aka.jmetadata.main.mediainfo.MediaInfo <init>
INFO: Loading MediaInfo library
Jul 24, 2017 8:00:35 AM aka.jmetadata.main.mediainfo.MediaInfo <init>
INFO: Loaded MediaInfoLib - v0.7.95
[MediaInfo] MediaInfo - 
[MediaInfo] MediaInfo - 1
Jul 24, 2017 8:00:35 AM aka.jmetadata.main.mediainfo.MediaInfo <init>
INFO: Loading MediaInfo library
Jul 24, 2017 8:00:35 AM aka.jmetadata.main.mediainfo.MediaInfo <init>
INFO: Loaded MediaInfoLib - v0.7.95
[MediaInfo] MediaInfo - 
[MediaInfo] MediaInfo - 1
Jul 24, 2017 8:00:35 AM aka.jmetadata.main.mediainfo.MediaInfo <init>
INFO: Loading MediaInfo library
Jul 24, 2017 8:00:35 AM aka.jmetadata.main.mediainfo.MediaInfo <init>
INFO: Loaded MediaInfoLib - v0.7.95
[MediaInfo] MediaInfo - 
[MediaInfo] MediaInfo - 1
Jul 24, 2017 8:00:35 AM aka.jmetadata.main.mediainfo.MediaInfo <init>
INFO: Loading MediaInfo library
Jul 24, 2017 8:00:35 AM aka.jmetadata.main.mediainfo.MediaInfo <init>
INFO: Loaded MediaInfoLib - v0.7.95
[MediaInfo] MediaInfo - 
[MediaInfo] MediaInfo - 1
Jul 24, 2017 8:00:35 AM aka.jmetadata.main.mediainfo.MediaInfo <init>
INFO: Loading MediaInfo library
Jul 24, 2017 8:00:35 AM aka.jmetadata.main.mediainfo.MediaInfo <init>
INFO: Loaded MediaInfoLib - v0.7.95
[MediaInfo] MediaInfo - 
[MediaInfo] MediaInfo - 1
Jul 24, 2017 8:00:35 AM aka.jmetadata.main.mediainfo.MediaInfo <init>
INFO: Loading MediaInfo library
Jul 24, 2017 8:00:35 AM aka.jmetadata.main.mediainfo.MediaInfo <init>
INFO: Loaded MediaInfoLib - v0.7.95
[MediaInfo] MediaInfo - 
[MediaInfo] MediaInfo - 1
Jul 24, 2017 8:00:35 AM aka.jmetadata.main.mediainfo.MediaInfo <init>
INFO: Loading MediaInfo library
Jul 24, 2017 8:00:35 AM aka.jmetadata.main.mediainfo.MediaInfo <init>
INFO: Loaded MediaInfoLib - v0.7.95
]]></system-err>
</testsuite>
